[2022-01-18 21:16:36,450] {taskinstance.py:1032} INFO - Dependencies all met for <TaskInstance: hello_world.print_hello scheduled__2022-01-16T06:00:00+00:00 [queued]>
[2022-01-18 21:16:36,455] {taskinstance.py:1032} INFO - Dependencies all met for <TaskInstance: hello_world.print_hello scheduled__2022-01-16T06:00:00+00:00 [queued]>
[2022-01-18 21:16:36,455] {taskinstance.py:1238} INFO - 
--------------------------------------------------------------------------------
[2022-01-18 21:16:36,455] {taskinstance.py:1239} INFO - Starting attempt 1 of 4
[2022-01-18 21:16:36,455] {taskinstance.py:1240} INFO - 
--------------------------------------------------------------------------------
[2022-01-18 21:16:36,460] {taskinstance.py:1259} INFO - Executing <Task(BashOperator): print_hello> on 2022-01-16 06:00:00+00:00
[2022-01-18 21:16:36,464] {standard_task_runner.py:52} INFO - Started process 91977 to run task
[2022-01-18 21:16:36,468] {standard_task_runner.py:76} INFO - Running: ['airflow', 'tasks', 'run', 'hello_world', 'print_hello', 'scheduled__2022-01-16T06:00:00+00:00', '--job-id', '3', '--raw', '--subdir', 'DAGS_FOLDER/hello_world.py', '--cfg-path', '/var/folders/kx/wlpfql613jn5_nq7kdpdxhlr0000gn/T/tmprhty5y4y', '--error-file', '/var/folders/kx/wlpfql613jn5_nq7kdpdxhlr0000gn/T/tmpzmkohru4']
[2022-01-18 21:16:36,471] {standard_task_runner.py:77} INFO - Job 3: Subtask print_hello
[2022-01-18 21:16:41,497] {logging_mixin.py:109} INFO - Running <TaskInstance: hello_world.print_hello scheduled__2022-01-16T06:00:00+00:00 [running]> on host johyeondong-ui-MacBookPro.local
[2022-01-18 21:16:46,527] {taskinstance.py:1424} INFO - Exporting the following env vars:
AIRFLOW_CTX_DAG_OWNER=DONG2
AIRFLOW_CTX_DAG_ID=hello_world
AIRFLOW_CTX_TASK_ID=print_hello
AIRFLOW_CTX_EXECUTION_DATE=2022-01-16T06:00:00+00:00
AIRFLOW_CTX_DAG_RUN_ID=scheduled__2022-01-16T06:00:00+00:00
[2022-01-18 21:16:46,528] {subprocess.py:62} INFO - Tmp dir root location: 
 /var/folders/kx/wlpfql613jn5_nq7kdpdxhlr0000gn/T
[2022-01-18 21:16:46,528] {subprocess.py:74} INFO - Running command: ['bash', '-c', 'echo Hello']
[2022-01-18 21:16:46,536] {subprocess.py:85} INFO - Output:
[2022-01-18 21:16:46,546] {subprocess.py:89} INFO - Hello
[2022-01-18 21:16:46,547] {subprocess.py:93} INFO - Command exited with return code 0
[2022-01-18 21:16:46,556] {taskinstance.py:1267} INFO - Marking task as SUCCESS. dag_id=hello_world, task_id=print_hello, execution_date=20220116T060000, start_date=20220118T121636, end_date=20220118T121646
[2022-01-18 21:16:46,578] {local_task_job.py:154} INFO - Task exited with return code 0
[2022-01-18 21:16:46,590] {local_task_job.py:264} INFO - 1 downstream tasks scheduled from follow-on schedule check
