[2022-01-18 21:17:30,445] {taskinstance.py:1032} INFO - Dependencies all met for <TaskInstance: hello_world.print_world scheduled__2022-01-16T06:00:00+00:00 [queued]>
[2022-01-18 21:17:30,458] {taskinstance.py:1032} INFO - Dependencies all met for <TaskInstance: hello_world.print_world scheduled__2022-01-16T06:00:00+00:00 [queued]>
[2022-01-18 21:17:30,458] {taskinstance.py:1238} INFO - 
--------------------------------------------------------------------------------
[2022-01-18 21:17:30,459] {taskinstance.py:1239} INFO - Starting attempt 1 of 4
[2022-01-18 21:17:30,459] {taskinstance.py:1240} INFO - 
--------------------------------------------------------------------------------
[2022-01-18 21:17:30,471] {taskinstance.py:1259} INFO - Executing <Task(PythonOperator): print_world> on 2022-01-16 06:00:00+00:00
[2022-01-18 21:17:30,481] {standard_task_runner.py:52} INFO - Started process 92041 to run task
[2022-01-18 21:17:30,487] {standard_task_runner.py:76} INFO - Running: ['airflow', 'tasks', 'run', 'hello_world', 'print_world', 'scheduled__2022-01-16T06:00:00+00:00', '--job-id', '5', '--raw', '--subdir', 'DAGS_FOLDER/hello_world.py', '--cfg-path', '/var/folders/kx/wlpfql613jn5_nq7kdpdxhlr0000gn/T/tmpyxjnd_o2', '--error-file', '/var/folders/kx/wlpfql613jn5_nq7kdpdxhlr0000gn/T/tmp7pq898_c']
[2022-01-18 21:17:30,488] {standard_task_runner.py:77} INFO - Job 5: Subtask print_world
[2022-01-18 21:17:35,521] {logging_mixin.py:109} INFO - Running <TaskInstance: hello_world.print_world scheduled__2022-01-16T06:00:00+00:00 [running]> on host johyeondong-ui-MacBookPro.local
[2022-01-18 21:17:40,580] {taskinstance.py:1424} INFO - Exporting the following env vars:
AIRFLOW_CTX_DAG_OWNER=DONG2
AIRFLOW_CTX_DAG_ID=hello_world
AIRFLOW_CTX_TASK_ID=print_world
AIRFLOW_CTX_EXECUTION_DATE=2022-01-16T06:00:00+00:00
AIRFLOW_CTX_DAG_RUN_ID=scheduled__2022-01-16T06:00:00+00:00
[2022-01-18 21:17:40,581] {logging_mixin.py:109} INFO - world
[2022-01-18 21:17:40,581] {python.py:175} INFO - Done. Returned value was: None
[2022-01-18 21:17:40,587] {taskinstance.py:1267} INFO - Marking task as SUCCESS. dag_id=hello_world, task_id=print_world, execution_date=20220116T060000, start_date=20220118T121730, end_date=20220118T121740
[2022-01-18 21:17:40,616] {local_task_job.py:154} INFO - Task exited with return code 0
[2022-01-18 21:17:40,627] {local_task_job.py:264} INFO - 0 downstream tasks scheduled from follow-on schedule check
