[2022-01-18 18:06:23,122] {processor.py:163} INFO - Started process (PID=85122) to work on /Users/hyundong/miniconda3/lib/python3.9/site-packages/airflow/example_dags/example_kubernetes_executor_config.py
[2022-01-18 18:06:23,122] {processor.py:620} INFO - Processing file /Users/hyundong/miniconda3/lib/python3.9/site-packages/airflow/example_dags/example_kubernetes_executor_config.py for tasks to queue
[2022-01-18 18:06:23,122] {logging_mixin.py:109} INFO - [2022-01-18 18:06:23,122] {dagbag.py:500} INFO - Filling up the DagBag from /Users/hyundong/miniconda3/lib/python3.9/site-packages/airflow/example_dags/example_kubernetes_executor_config.py
[2022-01-18 18:06:23,132] {logging_mixin.py:109} INFO - [2022-01-18 18:06:23,132] {example_kubernetes_executor_config.py:171} WARNING - Could not import DAGs in example_kubernetes_executor_config.py: No module named 'kubernetes'
[2022-01-18 18:06:23,132] {logging_mixin.py:109} INFO - [2022-01-18 18:06:23,132] {example_kubernetes_executor_config.py:172} WARNING - Install kubernetes dependencies with: pip install apache-airflow['cncf.kubernetes']
[2022-01-18 18:06:23,143] {processor.py:634} WARNING - No viable dags retrieved from /Users/hyundong/miniconda3/lib/python3.9/site-packages/airflow/example_dags/example_kubernetes_executor_config.py
[2022-01-18 18:06:23,144] {processor.py:171} INFO - Processing /Users/hyundong/miniconda3/lib/python3.9/site-packages/airflow/example_dags/example_kubernetes_executor_config.py took 0.023 seconds
[2022-01-18 18:07:28,599] {processor.py:163} INFO - Started process (PID=85199) to work on /Users/hyundong/miniconda3/lib/python3.9/site-packages/airflow/example_dags/example_kubernetes_executor_config.py
[2022-01-18 18:07:28,599] {processor.py:620} INFO - Processing file /Users/hyundong/miniconda3/lib/python3.9/site-packages/airflow/example_dags/example_kubernetes_executor_config.py for tasks to queue
[2022-01-18 18:07:28,599] {logging_mixin.py:109} INFO - [2022-01-18 18:07:28,599] {dagbag.py:500} INFO - Filling up the DagBag from /Users/hyundong/miniconda3/lib/python3.9/site-packages/airflow/example_dags/example_kubernetes_executor_config.py
[2022-01-18 18:07:28,609] {logging_mixin.py:109} INFO - [2022-01-18 18:07:28,609] {example_kubernetes_executor_config.py:171} WARNING - Could not import DAGs in example_kubernetes_executor_config.py: No module named 'kubernetes'
[2022-01-18 18:07:28,609] {logging_mixin.py:109} INFO - [2022-01-18 18:07:28,609] {example_kubernetes_executor_config.py:172} WARNING - Install kubernetes dependencies with: pip install apache-airflow['cncf.kubernetes']
[2022-01-18 18:07:28,620] {processor.py:634} WARNING - No viable dags retrieved from /Users/hyundong/miniconda3/lib/python3.9/site-packages/airflow/example_dags/example_kubernetes_executor_config.py
[2022-01-18 18:07:28,621] {processor.py:171} INFO - Processing /Users/hyundong/miniconda3/lib/python3.9/site-packages/airflow/example_dags/example_kubernetes_executor_config.py took 0.023 seconds
[2022-01-18 18:08:34,609] {processor.py:163} INFO - Started process (PID=85277) to work on /Users/hyundong/miniconda3/lib/python3.9/site-packages/airflow/example_dags/example_kubernetes_executor_config.py
[2022-01-18 18:08:34,610] {processor.py:620} INFO - Processing file /Users/hyundong/miniconda3/lib/python3.9/site-packages/airflow/example_dags/example_kubernetes_executor_config.py for tasks to queue
[2022-01-18 18:08:34,610] {logging_mixin.py:109} INFO - [2022-01-18 18:08:34,610] {dagbag.py:500} INFO - Filling up the DagBag from /Users/hyundong/miniconda3/lib/python3.9/site-packages/airflow/example_dags/example_kubernetes_executor_config.py
[2022-01-18 18:08:34,620] {logging_mixin.py:109} INFO - [2022-01-18 18:08:34,620] {example_kubernetes_executor_config.py:171} WARNING - Could not import DAGs in example_kubernetes_executor_config.py: No module named 'kubernetes'
[2022-01-18 18:08:34,620] {logging_mixin.py:109} INFO - [2022-01-18 18:08:34,620] {example_kubernetes_executor_config.py:172} WARNING - Install kubernetes dependencies with: pip install apache-airflow['cncf.kubernetes']
[2022-01-18 18:08:34,632] {processor.py:634} WARNING - No viable dags retrieved from /Users/hyundong/miniconda3/lib/python3.9/site-packages/airflow/example_dags/example_kubernetes_executor_config.py
[2022-01-18 18:08:34,633] {processor.py:171} INFO - Processing /Users/hyundong/miniconda3/lib/python3.9/site-packages/airflow/example_dags/example_kubernetes_executor_config.py took 0.024 seconds
